Intel App/build/outputs/apk/manifest-merger-debug-report.txt
-- Merging decision tree log ---
manifest
ADDED from AndroidManifest.xml:2:1
	package
		ADDED from AndroidManifest.xml:2:70
	android:versionName
		ADDED from AndroidManifest.xml:3:29
	android:versionCode
		ADDED from AndroidManifest.xml:3:5
		INJECTED from AndroidManifest.xml:0:0
		INJECTED from AndroidManifest.xml:0:0
	xmlns:android
		ADDED from AndroidManifest.xml:2:11
uses-sdk
ADDED from AndroidManifest.xml:5:5
MERGED from BleshSDK Intel Demo:Blesh:unspecified:7:5
	android:targetSdkVersion
		ADDED from AndroidManifest.xml:5:42
	android:minSdkVersion
		ADDED from AndroidManifest.xml:5:15
uses-permission#android.permission.INTERNET
ADDED from AndroidManifest.xml:7:5
MERGED from BleshSDK Intel Demo:Blesh:unspecified:11:5
	android:name
		ADDED from AndroidManifest.xml:7:22
uses-permission#android.permission.BLUETOOTH
ADDED from AndroidManifest.xml:8:5
MERGED from BleshSDK Intel Demo:Blesh:unspecified:12:5
	android:name
		ADDED from AndroidManifest.xml:8:22
uses-permission#android.permission.BLUETOOTH_ADMIN
ADDED from AndroidManifest.xml:9:5
MERGED from BleshSDK Intel Demo:Blesh:unspecified:13:5
	android:name
		ADDED from AndroidManifest.xml:9:22
uses-permission#android.permission.WAKE_LOCK
ADDED from AndroidManifest.xml:10:5
MERGED from BleshSDK Intel Demo:Blesh:unspecified:14:5
	android:name
		ADDED from AndroidManifest.xml:10:22
uses-permission#android.permission.RECEIVE_BOOT_COMPLETED
ADDED from AndroidManifest.xml:11:5
MERGED from BleshSDK Intel Demo:Blesh:unspecified:15:5
	android:name
		ADDED from AndroidManifest.xml:11:22
uses-permission#android.permission.ACCESS_NETWORK_STATE
ADDED from AndroidManifest.xml:12:5
MERGED from BleshSDK Intel Demo:Blesh:unspecified:16:5
	android:name
		ADDED from AndroidManifest.xml:12:22
uses-permission#android.permission.ACCESS_COARSE_LOCATION
ADDED from AndroidManifest.xml:13:5
MERGED from BleshSDK Intel Demo:Blesh:unspecified:17:5
	android:name
		ADDED from AndroidManifest.xml:13:22
uses-permission#android.permission.ACCESS_FINE_LOCATION
ADDED from AndroidManifest.xml:14:5
MERGED from BleshSDK Intel Demo:Blesh:unspecified:18:5
	android:name
		ADDED from AndroidManifest.xml:14:22
uses-permission#android.permission.READ_PHONE_STATE
ADDED from AndroidManifest.xml:15:5
MERGED from BleshSDK Intel Demo:Blesh:unspecified:19:5
	android:name
		ADDED from AndroidManifest.xml:15:22
uses-permission#android.permission.WRITE_EXTERNAL_STORAGE
ADDED from AndroidManifest.xml:16:5
MERGED from BleshSDK Intel Demo:Blesh:unspecified:20:5
	android:name
		ADDED from AndroidManifest.xml:16:22
application
ADDED from AndroidManifest.xml:18:5
MERGED from BleshSDK Intel Demo:Blesh:unspecified:22:5
	android:label
		ADDED from AndroidManifest.xml:18:54
	android:icon
		ADDED from AndroidManifest.xml:18:18
	android:allowBackup
		ADDED from BleshSDK Intel Demo:Blesh:unspecified:22:18
	android:theme
		ADDED from AndroidManifest.xml:19:9
activity#com.ndg.intel.fashionconcierge.BleshDemoMainActivity
ADDED from AndroidManifest.xml:20:9
	android:label
		ADDED from AndroidManifest.xml:20:87
	android:name
		ADDED from AndroidManifest.xml:20:19
intent-filter#android.intent.action.MAIN+android.intent.category.LAUNCHER
ADDED from AndroidManifest.xml:21:13
action#android.intent.action.MAIN
ADDED from AndroidManifest.xml:22:17
	android:name
		ADDED from AndroidManifest.xml:22:25
category#android.intent.category.LAUNCHER
ADDED from AndroidManifest.xml:24:17
	android:name
		ADDED from AndroidManifest.xml:24:27
activity#com.blesh.sdk.activity.BleshMainActivity
ADDED from AndroidManifest.xml:29:9
MERGED from BleshSDK Intel Demo:Blesh:unspecified:23:9
	android:exported
		ADDED from AndroidManifest.xml:30:13
	android:name
		ADDED from AndroidManifest.xml:29:19
intent-filter#android.intent.category.DEFAULT+com.blesh.template.normal+com.blesh.template.push
ADDED from AndroidManifest.xml:31:13
category#android.intent.category.DEFAULT
ADDED from AndroidManifest.xml:32:17
	android:name
		ADDED from AndroidManifest.xml:32:27
action#com.blesh.template.normal
ADDED from AndroidManifest.xml:33:17
	android:name
		ADDED from AndroidManifest.xml:33:25
action#com.blesh.template.push
ADDED from AndroidManifest.xml:34:17
	android:name
		ADDED from AndroidManifest.xml:34:25
service#com.blesh.sdk.classes.Blesh
ADDED from AndroidManifest.xml:38:9
MERGED from BleshSDK Intel Demo:Blesh:unspecified:31:9
	android:enabled
		ADDED from AndroidManifest.xml:40:13
	android:exported
		ADDED from AndroidManifest.xml:41:13
	android:name
		ADDED from AndroidManifest.xml:39:13
receiver#com.blesh.sdk.broadcastreceiver.BleshBootup
ADDED from AndroidManifest.xml:44:9
MERGED from BleshSDK Intel Demo:Blesh:unspecified:37:9
	android:name
		ADDED from AndroidManifest.xml:44:19
intent-filter#android.intent.action.BOOT_COMPLETED
ADDED from AndroidManifest.xml:45:13
action#android.intent.action.BOOT_COMPLETED
ADDED from AndroidManifest.xml:46:17
	android:name
		ADDED from AndroidManifest.xml:46:25
receiver#com.blesh.sdk.broadcastreceiver.BluetoothStatusChangeReceiver
ADDED from AndroidManifest.xml:49:9
MERGED from BleshSDK Intel Demo:Blesh:unspecified:42:9
	android:name
		ADDED from AndroidManifest.xml:49:19
intent-filter#android.bluetooth.adapter.action.STATE_CHANGED
ADDED from AndroidManifest.xml:50:13
action#android.bluetooth.adapter.action.STATE_CHANGED
ADDED from AndroidManifest.xml:51:17
	android:name
		ADDED from AndroidManifest.xml:51:25
service#com.blesh.sdk.ibeacon.service.IBeaconService
ADDED from AndroidManifest.xml:55:9
MERGED from BleshSDK Intel Demo:Blesh:unspecified:48:9
	android:enabled
		ADDED from AndroidManifest.xml:57:13
	android:label
		ADDED from AndroidManifest.xml:60:13
	android:exported
		ADDED from AndroidManifest.xml:58:13
	android:isolatedProcess
		ADDED from AndroidManifest.xml:59:13
	android:name
		ADDED from AndroidManifest.xml:56:13
service#com.blesh.sdk.ibeacon.IBeaconIntentProcessor
ADDED from AndroidManifest.xml:62:9
MERGED from BleshSDK Intel Demo:Blesh:unspecified:55:9
	android:enabled
		ADDED from AndroidManifest.xml:64:13
	android:name
		ADDED from AndroidManifest.xml:63:13
intent-filter#android.intent.category.DEFAULT
ADDED from BleshSDK Intel Demo:Blesh:unspecified:26:13